Compiled jquery.js  (2ms)  (pid 14508)
Compiled jquery-ui.js  (3ms)  (pid 14508)
Compiled jquery_ujs.js  (0ms)  (pid 14508)
Compiled jquery_nested_form.js  (0ms)  (pid 14508)
Compiled access.js  (364ms)  (pid 14508)
Compiled advanced.js  (0ms)  (pid 14508)
Compiled home.js  (76ms)  (pid 14508)
Compiled media.js  (57ms)  (pid 14508)
Compiled messages.js  (85ms)  (pid 14508)
Compiled pages.js  (60ms)  (pid 14508)
Compiled pagination.js  (57ms)  (pid 14508)
Compiled series.js  (56ms)  (pid 14508)
Compiled wysihtml5-0.3.0.min.js  (27ms)  (pid 14508)
Compiled application.js  (1233ms)  (pid 14508)
Compiled application.css  (660ms)  (pid 14508)
Compiled jquery.js  (2ms)  (pid 14508)
Compiled jquery-ui.js  (24ms)  (pid 14508)
Compiled jquery_ujs.js  (0ms)  (pid 14508)
Compiled jquery_nested_form.js  (0ms)  (pid 14508)
Compiled access.js  (137ms)  (pid 14508)
Compiled advanced.js  (0ms)  (pid 14508)
Compiled home.js  (84ms)  (pid 14508)
Compiled media.js  (56ms)  (pid 14508)
Compiled messages.js  (57ms)  (pid 14508)
Compiled pages.js  (99ms)  (pid 14508)
Compiled pagination.js  (57ms)  (pid 14508)
Compiled series.js  (57ms)  (pid 14508)
Compiled wysihtml5-0.3.0.min.js  (1ms)  (pid 14508)
Compiled application.js  (946ms)  (pid 14508)
Compiled application.css  (401ms)  (pid 14508)
Compiled jquery.js  (2ms)  (pid 15007)
Compiled jquery-ui.js  (3ms)  (pid 15007)
Compiled jquery_ujs.js  (0ms)  (pid 15007)
Compiled jquery_nested_form.js  (0ms)  (pid 15007)
Compiled access.js  (598ms)  (pid 15007)
Compiled advanced.js  (0ms)  (pid 15007)
Compiled home.js  (141ms)  (pid 15007)
Compiled media.js  (192ms)  (pid 15007)
Compiled messages.js  (170ms)  (pid 15007)
Compiled pages.js  (205ms)  (pid 15007)
Compiled pagination.js  (60ms)  (pid 15007)
Compiled series.js  (194ms)  (pid 15007)
Compiled wysihtml5-0.3.0.min.js  (1ms)  (pid 15007)
Compiled application.js  (2451ms)  (pid 15007)
Compiled application.css  (256ms)  (pid 15007)
Compiled jquery.js  (2ms)  (pid 15007)
Compiled jquery-ui.js  (24ms)  (pid 15007)
Compiled jquery_ujs.js  (0ms)  (pid 15007)
Compiled jquery_nested_form.js  (0ms)  (pid 15007)
Compiled access.js  (215ms)  (pid 15007)
Compiled advanced.js  (0ms)  (pid 15007)
Compiled home.js  (84ms)  (pid 15007)
Compiled media.js  (64ms)  (pid 15007)
Compiled messages.js  (65ms)  (pid 15007)
Compiled pages.js  (59ms)  (pid 15007)
Compiled pagination.js  (64ms)  (pid 15007)
Compiled series.js  (62ms)  (pid 15007)
Compiled wysihtml5-0.3.0.min.js  (1ms)  (pid 15007)
Compiled application.js  (738ms)  (pid 15007)
Compiled application.css  (349ms)  (pid 15007)
Compiled jquery.js  (2ms)  (pid 15068)
Compiled jquery-ui.js  (3ms)  (pid 15068)
Compiled jquery_ujs.js  (0ms)  (pid 15068)
Compiled jquery_nested_form.js  (0ms)  (pid 15068)
Compiled access.js  (179ms)  (pid 15068)
Compiled advanced.js  (0ms)  (pid 15068)
Compiled home.js  (57ms)  (pid 15068)
Compiled media.js  (56ms)  (pid 15068)
Compiled messages.js  (88ms)  (pid 15068)
Compiled pages.js  (74ms)  (pid 15068)
Compiled pagination.js  (59ms)  (pid 15068)
Compiled series.js  (55ms)  (pid 15068)
Compiled wysihtml5-0.3.0.min.js  (1ms)  (pid 15068)
Compiled application.js  (697ms)  (pid 15068)
Compiled application.css  (94ms)  (pid 15068)
Compiled jquery.js  (2ms)  (pid 15068)
Compiled jquery-ui.js  (24ms)  (pid 15068)
Compiled jquery_ujs.js  (0ms)  (pid 15068)
Compiled jquery_nested_form.js  (0ms)  (pid 15068)
Compiled access.js  (60ms)  (pid 15068)
Compiled advanced.js  (0ms)  (pid 15068)
Compiled home.js  (91ms)  (pid 15068)
Compiled media.js  (57ms)  (pid 15068)
Compiled messages.js  (58ms)  (pid 15068)
Compiled pages.js  (102ms)  (pid 15068)
Compiled pagination.js  (102ms)  (pid 15068)
Compiled series.js  (60ms)  (pid 15068)
Compiled wysihtml5-0.3.0.min.js  (1ms)  (pid 15068)
Compiled application.js  (653ms)  (pid 15068)
Compiled application.css  (115ms)  (pid 15068)
Compiled jquery.js  (2ms)  (pid 15382)
Compiled jquery-ui.js  (2ms)  (pid 15382)
Compiled jquery_ujs.js  (0ms)  (pid 15382)
Compiled jquery_nested_form.js  (0ms)  (pid 15382)
Compiled access.js  (61ms)  (pid 15382)
Compiled advanced.js  (0ms)  (pid 15382)
Compiled home.js  (59ms)  (pid 15382)
Compiled media.js  (63ms)  (pid 15382)
Compiled messages.js  (67ms)  (pid 15382)
Compiled pages.js  (133ms)  (pid 15382)
Compiled pagination.js  (87ms)  (pid 15382)
Compiled series.js  (56ms)  (pid 15382)
Compiled wysihtml5-0.3.0.min.js  (1ms)  (pid 15382)
Compiled application.js  (748ms)  (pid 15382)
Compiled application.css  (812ms)  (pid 15382)
Compiled jquery.js  (2ms)  (pid 15382)
Compiled jquery-ui.js  (2ms)  (pid 15382)
Compiled jquery_ujs.js  (0ms)  (pid 15382)
Compiled jquery_nested_form.js  (0ms)  (pid 15382)
Compiled access.js  (205ms)  (pid 15382)
Compiled advanced.js  (0ms)  (pid 15382)
Compiled home.js  (279ms)  (pid 15382)
Compiled media.js  (246ms)  (pid 15382)
Compiled messages.js  (148ms)  (pid 15382)
Compiled pages.js  (60ms)  (pid 15382)
Compiled pagination.js  (56ms)  (pid 15382)
Compiled series.js  (56ms)  (pid 15382)
Compiled wysihtml5-0.3.0.min.js  (1ms)  (pid 15382)
Compiled application.js  (1671ms)  (pid 15382)
Compiled application.css  (197ms)  (pid 15382)
Compiled jquery.js  (1ms)  (pid 15833)
Compiled jquery-ui.js  (2ms)  (pid 15833)
Compiled jquery_ujs.js  (0ms)  (pid 15833)
Compiled jquery_nested_form.js  (0ms)  (pid 15833)
Compiled access.js  (255ms)  (pid 15833)
Compiled advanced.js  (0ms)  (pid 15833)
Compiled home.js  (110ms)  (pid 15833)
Compiled media.js  (61ms)  (pid 15833)
Compiled messages.js  (58ms)  (pid 15833)
Compiled pages.js  (61ms)  (pid 15833)
Compiled pagination.js  (85ms)  (pid 15833)
Compiled series.js  (63ms)  (pid 15833)
Compiled wysihtml5-0.3.0.min.js  (1ms)  (pid 15833)
Compiled application.js  (830ms)  (pid 15833)
Compiled application.css  (343ms)  (pid 15833)
Compiled jquery.js  (2ms)  (pid 15833)
Compiled jquery-ui.js  (2ms)  (pid 15833)
Compiled jquery_ujs.js  (0ms)  (pid 15833)
Compiled jquery_nested_form.js  (0ms)  (pid 15833)
Compiled access.js  (170ms)  (pid 15833)
Compiled advanced.js  (0ms)  (pid 15833)
Compiled home.js  (67ms)  (pid 15833)
Compiled media.js  (455ms)  (pid 15833)
Compiled messages.js  (62ms)  (pid 15833)
Compiled pages.js  (59ms)  (pid 15833)
Compiled pagination.js  (243ms)  (pid 15833)
Compiled series.js  (157ms)  (pid 15833)
Compiled wysihtml5-0.3.0.min.js  (1ms)  (pid 15833)
Compiled application.js  (1345ms)  (pid 15833)
Compiled application.css  (208ms)  (pid 15833)
Compiled jquery.js  (26ms)  (pid 17968)
Compiled jquery-ui.js  (4ms)  (pid 17968)
Compiled jquery_ujs.js  (0ms)  (pid 17968)
Compiled jquery_nested_form.js  (0ms)  (pid 17968)
Compiled access.js  (531ms)  (pid 17968)
Compiled advanced.js  (0ms)  (pid 17968)
Compiled home.js  (139ms)  (pid 17968)
Compiled media.js  (95ms)  (pid 17968)
Compiled messages.js  (58ms)  (pid 17968)
Compiled pages.js  (59ms)  (pid 17968)
Compiled pagination.js  (56ms)  (pid 17968)
Compiled series.js  (59ms)  (pid 17968)
Compiled wysihtml5-0.3.0.min.js  (1ms)  (pid 17968)
Compiled application.js  (1554ms)  (pid 17968)
Compiled application.css  (187ms)  (pid 17968)
Compiled jquery.js  (2ms)  (pid 17968)
Compiled jquery-ui.js  (3ms)  (pid 17968)
Compiled jquery_ujs.js  (0ms)  (pid 17968)
Compiled jquery_nested_form.js  (0ms)  (pid 17968)
Compiled access.js  (252ms)  (pid 17968)
Compiled advanced.js  (0ms)  (pid 17968)
Compiled home.js  (59ms)  (pid 17968)
Compiled media.js  (59ms)  (pid 17968)
Compiled messages.js  (83ms)  (pid 17968)
Compiled pages.js  (60ms)  (pid 17968)
Compiled pagination.js  (56ms)  (pid 17968)
Compiled series.js  (57ms)  (pid 17968)
Compiled wysihtml5-0.3.0.min.js  (27ms)  (pid 17968)
Compiled application.js  (756ms)  (pid 17968)
Compiled application.css  (312ms)  (pid 17968)
Compiled jquery.js  (27ms)  (pid 18075)
Compiled jquery-ui.js  (3ms)  (pid 18075)
Compiled jquery_ujs.js  (0ms)  (pid 18075)
Compiled jquery_nested_form.js  (0ms)  (pid 18075)
Compiled access.js  (61ms)  (pid 18075)
Compiled advanced.js  (0ms)  (pid 18075)
Compiled home.js  (65ms)  (pid 18075)
Compiled media.js  (87ms)  (pid 18075)
Compiled messages.js  (59ms)  (pid 18075)
Compiled pages.js  (55ms)  (pid 18075)
Compiled pagination.js  (59ms)  (pid 18075)
Compiled series.js  (86ms)  (pid 18075)
Compiled wysihtml5-0.3.0.min.js  (1ms)  (pid 18075)
Compiled application.js  (974ms)  (pid 18075)
Compiled jquery.js  (25ms)  (pid 18109)
Compiled jquery-ui.js  (2ms)  (pid 18109)
Compiled jquery_ujs.js  (0ms)  (pid 18109)
Compiled jquery_nested_form.js  (0ms)  (pid 18109)
Compiled access.js  (130ms)  (pid 18109)
Compiled advanced.js  (0ms)  (pid 18109)
Compiled home.js  (57ms)  (pid 18109)
Compiled media.js  (60ms)  (pid 18109)
Compiled messages.js  (60ms)  (pid 18109)
Compiled pages.js  (58ms)  (pid 18109)
Compiled pagination.js  (58ms)  (pid 18109)
Compiled series.js  (85ms)  (pid 18109)
Compiled wysihtml5-0.3.0.min.js  (1ms)  (pid 18109)
Compiled application.js  (765ms)  (pid 18109)
Compiled jquery.js  (26ms)  (pid 18170)
Compiled jquery-ui.js  (2ms)  (pid 18170)
Compiled jquery_ujs.js  (0ms)  (pid 18170)
Compiled jquery_nested_form.js  (0ms)  (pid 18170)
Compiled access.js  (317ms)  (pid 18170)
Compiled advanced.js  (0ms)  (pid 18170)
Compiled home.js  (61ms)  (pid 18170)
Compiled media.js  (62ms)  (pid 18170)
Compiled messages.js  (56ms)  (pid 18170)
Compiled pages.js  (57ms)  (pid 18170)
Compiled pagination.js  (59ms)  (pid 18170)
Compiled series.js  (83ms)  (pid 18170)
Compiled wysihtml5-0.3.0.min.js  (1ms)  (pid 18170)
Compiled application.js  (827ms)  (pid 18170)
Compiled _grid.css  (16ms)  (pid 18170)
Compiled _values.css  (7ms)  (pid 18170)
Compiled _variables.css  (1ms)  (pid 18170)
Compiled access.css  (72ms)  (pid 18170)
Compiled calendar.css  (1ms)  (pid 18170)
Compiled comments.css  (1ms)  (pid 18170)
Compiled fonts/gotham/specimen_files/grid_12-825-55-15.css  (0ms)  (pid 18170)
Compiled fonts/gotham/specimen_files/specimen_stylesheet.css  (0ms)  (pid 18170)
Compiled fonts/gotham/stylesheet.css  (0ms)  (pid 18170)
Compiled fonts/journal/stylesheet.css  (0ms)  (pid 18170)
Compiled fonts/typograph/specimen_files/grid_12-825-55-15.css  (0ms)  (pid 18170)
Compiled fonts/typograph/specimen_files/specimen_stylesheet.css  (0ms)  (pid 18170)
Compiled fonts/typograph/stylesheet.css  (0ms)  (pid 18170)
Compiled form.css  (83ms)  (pid 18170)
Compiled home.css  (34ms)  (pid 18170)
Compiled layout.css  (2ms)  (pid 18170)
Compiled login.css  (48ms)  (pid 18170)
Compiled media.css  (1ms)  (pid 18170)
Compiled jquery.js  (25ms)  (pid 18203)
Compiled jquery-ui.js  (2ms)  (pid 18203)
Compiled jquery_ujs.js  (0ms)  (pid 18203)
Compiled jquery_nested_form.js  (0ms)  (pid 18203)
Compiled access.js  (129ms)  (pid 18203)
Compiled advanced.js  (0ms)  (pid 18203)
Compiled home.js  (56ms)  (pid 18203)
Compiled media.js  (58ms)  (pid 18203)
Compiled messages.js  (56ms)  (pid 18203)
Compiled pages.js  (59ms)  (pid 18203)
Compiled pagination.js  (58ms)  (pid 18203)
Compiled series.js  (89ms)  (pid 18203)
Compiled wysihtml5-0.3.0.min.js  (1ms)  (pid 18203)
Compiled application.js  (642ms)  (pid 18203)
Compiled _grid.css  (15ms)  (pid 18203)
Compiled _values.css  (6ms)  (pid 18203)
Compiled _variables.css  (1ms)  (pid 18203)
Compiled access.css  (88ms)  (pid 18203)
Compiled calendar.css  (1ms)  (pid 18203)
Compiled comments.css  (1ms)  (pid 18203)
Compiled fonts/gotham/specimen_files/grid_12-825-55-15.css  (0ms)  (pid 18203)
Compiled fonts/gotham/specimen_files/specimen_stylesheet.css  (0ms)  (pid 18203)
Compiled fonts/gotham/stylesheet.css  (0ms)  (pid 18203)
Compiled fonts/journal/stylesheet.css  (0ms)  (pid 18203)
Compiled fonts/typograph/specimen_files/grid_12-825-55-15.css  (0ms)  (pid 18203)
Compiled fonts/typograph/specimen_files/specimen_stylesheet.css  (0ms)  (pid 18203)
Compiled fonts/typograph/stylesheet.css  (0ms)  (pid 18203)
Compiled form.css  (52ms)  (pid 18203)
Compiled home.css  (32ms)  (pid 18203)
Compiled layout.css  (1ms)  (pid 18203)
Compiled login.css  (48ms)  (pid 18203)
Compiled media.css  (1ms)  (pid 18203)
Compiled message.css  (63ms)  (pid 18203)
Compiled news.css  (0ms)  (pid 18203)
Compiled pages.css  (1ms)  (pid 18203)
Compiled public.css  (28ms)  (pid 18203)
Compiled sections.css  (1ms)  (pid 18203)
Compiled series.css  (14ms)  (pid 18203)
Compiled tables.css  (5ms)  (pid 18203)
Compiled users.css  (53ms)  (pid 18203)
Compiled application.css  (926ms)  (pid 18203)
Compiled jquery.js  (1ms)  (pid 18203)
Compiled jquery-ui.js  (2ms)  (pid 18203)
Compiled jquery_ujs.js  (0ms)  (pid 18203)
Compiled jquery_nested_form.js  (0ms)  (pid 18203)
Compiled access.js  (132ms)  (pid 18203)
Compiled advanced.js  (0ms)  (pid 18203)
Compiled home.js  (102ms)  (pid 18203)
Compiled media.js  (56ms)  (pid 18203)
Compiled messages.js  (91ms)  (pid 18203)
Compiled pages.js  (63ms)  (pid 18203)
Compiled pagination.js  (56ms)  (pid 18203)
Compiled series.js  (57ms)  (pid 18203)
Compiled wysihtml5-0.3.0.min.js  (1ms)  (pid 18203)
Compiled application.js  (689ms)  (pid 18203)
Compiled _grid.css  (16ms)  (pid 18203)
Compiled _values.css  (9ms)  (pid 18203)
Compiled _variables.css  (1ms)  (pid 18203)
Compiled access.css  (70ms)  (pid 18203)
Compiled calendar.css  (1ms)  (pid 18203)
Compiled comments.css  (1ms)  (pid 18203)
Compiled fonts/gotham/specimen_files/grid_12-825-55-15.css  (0ms)  (pid 18203)
Compiled fonts/gotham/specimen_files/specimen_stylesheet.css  (0ms)  (pid 18203)
Compiled fonts/gotham/stylesheet.css  (0ms)  (pid 18203)
Compiled fonts/journal/stylesheet.css  (0ms)  (pid 18203)
Compiled fonts/typograph/specimen_files/grid_12-825-55-15.css  (0ms)  (pid 18203)
Compiled fonts/typograph/specimen_files/specimen_stylesheet.css  (0ms)  (pid 18203)
Compiled fonts/typograph/stylesheet.css  (0ms)  (pid 18203)
Compiled form.css  (54ms)  (pid 18203)
Compiled home.css  (22ms)  (pid 18203)
Compiled layout.css  (3ms)  (pid 18203)
Compiled login.css  (33ms)  (pid 18203)
Compiled media.css  (1ms)  (pid 18203)
Compiled message.css  (61ms)  (pid 18203)
Compiled news.css  (1ms)  (pid 18203)
Compiled pages.css  (1ms)  (pid 18203)
Compiled public.css  (43ms)  (pid 18203)
Compiled sections.css  (1ms)  (pid 18203)
Compiled series.css  (14ms)  (pid 18203)
Compiled tables.css  (6ms)  (pid 18203)
Compiled users.css  (47ms)  (pid 18203)
Compiled application.css  (726ms)  (pid 18203)
Compiled jquery.js  (26ms)  (pid 18284)
Compiled jquery-ui.js  (2ms)  (pid 18284)
Compiled jquery_ujs.js  (0ms)  (pid 18284)
Compiled jquery_nested_form.js  (0ms)  (pid 18284)
Compiled access.js  (64ms)  (pid 18284)
Compiled advanced.js  (0ms)  (pid 18284)
Compiled home.js  (173ms)  (pid 18284)
Compiled media.js  (135ms)  (pid 18284)
Compiled messages.js  (58ms)  (pid 18284)
Compiled pages.js  (56ms)  (pid 18284)
Compiled pagination.js  (58ms)  (pid 18284)
Compiled series.js  (89ms)  (pid 18284)
Compiled wysihtml5-0.3.0.min.js  (1ms)  (pid 18284)
Compiled application.js  (971ms)  (pid 18284)
Compiled jquery.js  (2ms)  (pid 18284)
Compiled jquery-ui.js  (2ms)  (pid 18284)
Compiled jquery_ujs.js  (0ms)  (pid 18284)
Compiled jquery_nested_form.js  (0ms)  (pid 18284)
Compiled access.js  (122ms)  (pid 18284)
Compiled advanced.js  (0ms)  (pid 18284)
Compiled home.js  (100ms)  (pid 18284)
Compiled media.js  (61ms)  (pid 18284)
Compiled messages.js  (89ms)  (pid 18284)
Compiled pages.js  (59ms)  (pid 18284)
Compiled pagination.js  (58ms)  (pid 18284)
Compiled series.js  (82ms)  (pid 18284)
Compiled wysihtml5-0.3.0.min.js  (1ms)  (pid 18284)
Compiled application.js  (708ms)  (pid 18284)
Compiled jquery.js  (25ms)  (pid 18332)
Compiled jquery-ui.js  (2ms)  (pid 18332)
Compiled jquery_ujs.js  (0ms)  (pid 18332)
Compiled jquery_nested_form.js  (0ms)  (pid 18332)
Compiled access.js  (60ms)  (pid 18332)
Compiled advanced.js  (0ms)  (pid 18332)
Compiled home.js  (60ms)  (pid 18332)
Compiled media.js  (84ms)  (pid 18332)
Compiled messages.js  (58ms)  (pid 18332)
Compiled pages.js  (64ms)  (pid 18332)
Compiled pagination.js  (61ms)  (pid 18332)
Compiled series.js  (84ms)  (pid 18332)
Compiled wysihtml5-0.3.0.min.js  (1ms)  (pid 18332)
Compiled application.js  (594ms)  (pid 18332)
Compiled jquery.js  (2ms)  (pid 18332)
Compiled jquery-ui.js  (3ms)  (pid 18332)
Compiled jquery_ujs.js  (0ms)  (pid 18332)
Compiled jquery_nested_form.js  (0ms)  (pid 18332)
Compiled access.js  (219ms)  (pid 18332)
Compiled advanced.js  (0ms)  (pid 18332)
Compiled home.js  (56ms)  (pid 18332)
Compiled media.js  (59ms)  (pid 18332)
Compiled messages.js  (88ms)  (pid 18332)
Compiled pages.js  (60ms)  (pid 18332)
Compiled pagination.js  (68ms)  (pid 18332)
Compiled series.js  (87ms)  (pid 18332)
Compiled wysihtml5-0.3.0.min.js  (1ms)  (pid 18332)
Compiled application.js  (741ms)  (pid 18332)
Compiled jquery.js  (25ms)  (pid 18382)
Compiled jquery-ui.js  (2ms)  (pid 18382)
Compiled jquery_ujs.js  (0ms)  (pid 18382)
Compiled jquery_nested_form.js  (0ms)  (pid 18382)
Compiled access.js  (73ms)  (pid 18382)
Compiled advanced.js  (0ms)  (pid 18382)
Compiled home.js  (57ms)  (pid 18382)
Compiled media.js  (81ms)  (pid 18382)
Compiled messages.js  (60ms)  (pid 18382)
Compiled pages.js  (73ms)  (pid 18382)
Compiled pagination.js  (57ms)  (pid 18382)
Compiled series.js  (60ms)  (pid 18382)
Compiled wysihtml5-0.3.0.min.js  (1ms)  (pid 18382)
Compiled application.js  (606ms)  (pid 18382)
Compiled jquery.js  (1ms)  (pid 18382)
Compiled jquery-ui.js  (2ms)  (pid 18382)
Compiled jquery_ujs.js  (0ms)  (pid 18382)
Compiled jquery_nested_form.js  (0ms)  (pid 18382)
Compiled access.js  (174ms)  (pid 18382)
Compiled advanced.js  (0ms)  (pid 18382)
Compiled home.js  (63ms)  (pid 18382)
Compiled media.js  (250ms)  (pid 18382)
Compiled messages.js  (87ms)  (pid 18382)
Compiled pages.js  (92ms)  (pid 18382)
Compiled pagination.js  (77ms)  (pid 18382)
Compiled series.js  (60ms)  (pid 18382)
Compiled wysihtml5-0.3.0.min.js  (30ms)  (pid 18382)
Compiled application.js  (1200ms)  (pid 18382)
Compiled jquery.js  (27ms)  (pid 18443)
Compiled jquery-ui.js  (2ms)  (pid 18443)
Compiled jquery_ujs.js  (0ms)  (pid 18443)
Compiled jquery_nested_form.js  (0ms)  (pid 18443)
Compiled access.js  (90ms)  (pid 18443)
Compiled advanced.js  (0ms)  (pid 18443)
Compiled home.js  (86ms)  (pid 18443)
Compiled media.js  (238ms)  (pid 18443)
Compiled messages.js  (60ms)  (pid 18443)
Compiled pages.js  (105ms)  (pid 18443)
Compiled pagination.js  (66ms)  (pid 18443)
Compiled series.js  (296ms)  (pid 18443)
Compiled wysihtml5-0.3.0.min.js  (1ms)  (pid 18443)
Compiled application.js  (1634ms)  (pid 18443)
Compiled jquery.js  (1ms)  (pid 18443)
Compiled jquery-ui.js  (2ms)  (pid 18443)
Compiled jquery_ujs.js  (0ms)  (pid 18443)
Compiled jquery_nested_form.js  (0ms)  (pid 18443)
Compiled access.js  (486ms)  (pid 18443)
Compiled advanced.js  (0ms)  (pid 18443)
Compiled home.js  (110ms)  (pid 18443)
Compiled media.js  (101ms)  (pid 18443)
Compiled messages.js  (131ms)  (pid 18443)
Compiled pages.js  (80ms)  (pid 18443)
Compiled pagination.js  (139ms)  (pid 18443)
Compiled series.js  (219ms)  (pid 18443)
Compiled wysihtml5-0.3.0.min.js  (1ms)  (pid 18443)
Compiled application.js  (1611ms)  (pid 18443)
Compiled jquery.js  (27ms)  (pid 18512)
Compiled jquery-ui.js  (2ms)  (pid 18512)
Compiled jquery_ujs.js  (0ms)  (pid 18512)
Compiled jquery_nested_form.js  (0ms)  (pid 18512)
Compiled access.js  (149ms)  (pid 18512)
Compiled advanced.js  (0ms)  (pid 18512)
Compiled home.js  (58ms)  (pid 18512)
Compiled media.js  (86ms)  (pid 18512)
Compiled messages.js  (57ms)  (pid 18512)
Compiled pages.js  (56ms)  (pid 18512)
Compiled pagination.js  (58ms)  (pid 18512)
Compiled series.js  (82ms)  (pid 18512)
Compiled wysihtml5-0.3.0.min.js  (1ms)  (pid 18512)
Compiled application.js  (672ms)  (pid 18512)
Compiled _grid.css  (16ms)  (pid 18512)
Compiled _values.css  (6ms)  (pid 18512)
Compiled _variables.css  (1ms)  (pid 18512)
Compiled access.css  (70ms)  (pid 18512)
Compiled calendar.css  (1ms)  (pid 18512)
Compiled comments.css  (1ms)  (pid 18512)
Compiled fonts/gotham/specimen_files/grid_12-825-55-15.css  (0ms)  (pid 18512)
Compiled fonts/gotham/specimen_files/specimen_stylesheet.css  (0ms)  (pid 18512)
Compiled fonts/gotham/stylesheet.css  (0ms)  (pid 18512)
Compiled fonts/journal/stylesheet.css  (0ms)  (pid 18512)
Compiled fonts/typograph/specimen_files/grid_12-825-55-15.css  (0ms)  (pid 18512)
Compiled fonts/typograph/specimen_files/specimen_stylesheet.css  (0ms)  (pid 18512)
Compiled fonts/typograph/stylesheet.css  (0ms)  (pid 18512)
Compiled form.css  (54ms)  (pid 18512)
Compiled home.css  (35ms)  (pid 18512)
Compiled layout.css  (2ms)  (pid 18512)
Compiled login.css  (48ms)  (pid 18512)
Compiled media.css  (1ms)  (pid 18512)
Compiled message.css  (62ms)  (pid 18512)
Compiled news.css  (0ms)  (pid 18512)
Compiled pages.css  (1ms)  (pid 18512)
Compiled public.css  (53ms)  (pid 18512)
Compiled sections.css  (1ms)  (pid 18512)
Compiled series.css  (14ms)  (pid 18512)
Compiled tables.css  (5ms)  (pid 18512)
Compiled users.css  (47ms)  (pid 18512)
Compiled application.css  (1093ms)  (pid 18512)
Compiled jquery.js  (2ms)  (pid 18512)
Compiled jquery-ui.js  (3ms)  (pid 18512)
Compiled jquery_ujs.js  (0ms)  (pid 18512)
Compiled jquery_nested_form.js  (0ms)  (pid 18512)
Compiled access.js  (98ms)  (pid 18512)
Compiled advanced.js  (0ms)  (pid 18512)
Compiled home.js  (63ms)  (pid 18512)
Compiled media.js  (68ms)  (pid 18512)
Compiled messages.js  (154ms)  (pid 18512)
Compiled pages.js  (331ms)  (pid 18512)
Compiled pagination.js  (56ms)  (pid 18512)
Compiled series.js  (57ms)  (pid 18512)
Compiled wysihtml5-0.3.0.min.js  (1ms)  (pid 18512)
Compiled application.js  (1049ms)  (pid 18512)
Compiled _grid.css  (16ms)  (pid 18512)
Compiled _values.css  (7ms)  (pid 18512)
Compiled _variables.css  (2ms)  (pid 18512)
Compiled access.css  (83ms)  (pid 18512)
Compiled calendar.css  (1ms)  (pid 18512)
Compiled comments.css  (1ms)  (pid 18512)
Compiled fonts/gotham/specimen_files/grid_12-825-55-15.css  (0ms)  (pid 18512)
Compiled fonts/gotham/specimen_files/specimen_stylesheet.css  (0ms)  (pid 18512)
Compiled fonts/gotham/stylesheet.css  (0ms)  (pid 18512)
Compiled fonts/journal/stylesheet.css  (0ms)  (pid 18512)
Compiled fonts/typograph/specimen_files/grid_12-825-55-15.css  (0ms)  (pid 18512)
Compiled fonts/typograph/specimen_files/specimen_stylesheet.css  (0ms)  (pid 18512)
Compiled fonts/typograph/stylesheet.css  (0ms)  (pid 18512)
Compiled form.css  (60ms)  (pid 18512)
Compiled home.css  (25ms)  (pid 18512)
Compiled layout.css  (1ms)  (pid 18512)
Compiled login.css  (33ms)  (pid 18512)
Compiled media.css  (1ms)  (pid 18512)
Compiled message.css  (61ms)  (pid 18512)
Compiled news.css  (0ms)  (pid 18512)
Compiled pages.css  (0ms)  (pid 18512)
Compiled public.css  (43ms)  (pid 18512)
Compiled sections.css  (1ms)  (pid 18512)
Compiled series.css  (14ms)  (pid 18512)
Compiled tables.css  (6ms)  (pid 18512)
Compiled users.css  (47ms)  (pid 18512)
Compiled application.css  (966ms)  (pid 18512)
Compiled jquery.js  (28ms)  (pid 19115)
Compiled jquery-ui.js  (2ms)  (pid 19115)
Compiled jquery_ujs.js  (0ms)  (pid 19115)
Compiled jquery_nested_form.js  (0ms)  (pid 19115)
Compiled access.js  (215ms)  (pid 19115)
Compiled home.js  (62ms)  (pid 19115)
Compiled media.js  (61ms)  (pid 19115)
Compiled messages.js  (59ms)  (pid 19115)
Compiled pages.js  (59ms)  (pid 19115)
Compiled pagination.js  (58ms)  (pid 19115)
Compiled series.js  (88ms)  (pid 19115)
Compiled application.js  (932ms)  (pid 19115)
Compiled _grid.css  (37ms)  (pid 19115)
Compiled _values.css  (6ms)  (pid 19115)
Compiled _variables.css  (1ms)  (pid 19115)
Compiled access.css  (71ms)  (pid 19115)
Compiled calendar.css  (1ms)  (pid 19115)
Compiled comments.css  (1ms)  (pid 19115)
Compiled fonts/gotham/specimen_files/grid_12-825-55-15.css  (0ms)  (pid 19115)
Compiled fonts/gotham/specimen_files/specimen_stylesheet.css  (0ms)  (pid 19115)
Compiled fonts/gotham/stylesheet.css  (0ms)  (pid 19115)
Compiled fonts/journal/stylesheet.css  (0ms)  (pid 19115)
Compiled fonts/typograph/specimen_files/grid_12-825-55-15.css  (0ms)  (pid 19115)
Compiled fonts/typograph/specimen_files/specimen_stylesheet.css  (0ms)  (pid 19115)
Compiled fonts/typograph/stylesheet.css  (0ms)  (pid 19115)
Compiled form.css  (59ms)  (pid 19115)
Compiled home.css  (34ms)  (pid 19115)
Compiled layout.css  (2ms)  (pid 19115)
Compiled login.css  (47ms)  (pid 19115)
Compiled media.css  (1ms)  (pid 19115)
Compiled message.css  (62ms)  (pid 19115)
Compiled news.css  (1ms)  (pid 19115)
Compiled pages.css  (1ms)  (pid 19115)
Compiled public.css  (30ms)  (pid 19115)
Compiled sections.css  (1ms)  (pid 19115)
Compiled series.css  (14ms)  (pid 19115)
Compiled tables.css  (6ms)  (pid 19115)
Compiled users.css  (45ms)  (pid 19115)
Compiled application.css  (1098ms)  (pid 19115)
Compiled jquery.js  (2ms)  (pid 19115)
Compiled jquery-ui.js  (2ms)  (pid 19115)
Compiled jquery_ujs.js  (0ms)  (pid 19115)
Compiled jquery_nested_form.js  (0ms)  (pid 19115)
Compiled access.js  (184ms)  (pid 19115)
Compiled home.js  (56ms)  (pid 19115)
Compiled media.js  (64ms)  (pid 19115)
Compiled messages.js  (110ms)  (pid 19115)
Compiled pages.js  (58ms)  (pid 19115)
Compiled pagination.js  (62ms)  (pid 19115)
Compiled series.js  (63ms)  (pid 19115)
Compiled application.js  (787ms)  (pid 19115)
Compiled _grid.css  (16ms)  (pid 19115)
Compiled _values.css  (6ms)  (pid 19115)
Compiled _variables.css  (1ms)  (pid 19115)
Compiled access.css  (70ms)  (pid 19115)
Compiled calendar.css  (1ms)  (pid 19115)
Compiled comments.css  (1ms)  (pid 19115)
Compiled fonts/gotham/specimen_files/grid_12-825-55-15.css  (0ms)  (pid 19115)
Compiled fonts/gotham/specimen_files/specimen_stylesheet.css  (0ms)  (pid 19115)
Compiled fonts/gotham/stylesheet.css  (0ms)  (pid 19115)
Compiled fonts/journal/stylesheet.css  (0ms)  (pid 19115)
Compiled fonts/typograph/specimen_files/grid_12-825-55-15.css  (0ms)  (pid 19115)
Compiled fonts/typograph/specimen_files/specimen_stylesheet.css  (0ms)  (pid 19115)
Compiled fonts/typograph/stylesheet.css  (0ms)  (pid 19115)
Compiled form.css  (54ms)  (pid 19115)
Compiled home.css  (22ms)  (pid 19115)
Compiled layout.css  (2ms)  (pid 19115)
Compiled login.css  (33ms)  (pid 19115)
Compiled media.css  (1ms)  (pid 19115)
Compiled message.css  (65ms)  (pid 19115)
Compiled news.css  (1ms)  (pid 19115)
Compiled pages.css  (1ms)  (pid 19115)
Compiled public.css  (43ms)  (pid 19115)
Compiled sections.css  (1ms)  (pid 19115)
Compiled series.css  (14ms)  (pid 19115)
Compiled tables.css  (6ms)  (pid 19115)
Compiled users.css  (31ms)  (pid 19115)
Compiled application.css  (957ms)  (pid 19115)
Compiled access.js  (406ms)  (pid 19306)
Compiled jquery.js  (27ms)  (pid 19306)
Compiled jquery-ui.js  (3ms)  (pid 19306)
Compiled jquery_ujs.js  (0ms)  (pid 19306)
Compiled jquery_nested_form.js  (0ms)  (pid 19306)
Compiled home.js  (81ms)  (pid 19306)
Compiled media.js  (62ms)  (pid 19306)
Compiled messages.js  (61ms)  (pid 19306)
Compiled pages.js  (89ms)  (pid 19306)
Compiled pagination.js  (58ms)  (pid 19306)
Compiled series.js  (58ms)  (pid 19306)
Compiled application.js  (503ms)  (pid 19306)
Compiled access.css  (138ms)  (pid 19306)
Compiled _grid.css  (31ms)  (pid 19306)
Compiled _values.css  (6ms)  (pid 19306)
Compiled _variables.css  (1ms)  (pid 19306)
Compiled calendar.css  (1ms)  (pid 19306)
Compiled comments.css  (1ms)  (pid 19306)
Compiled fonts/gotham/specimen_files/grid_12-825-55-15.css  (0ms)  (pid 19306)
Compiled fonts/gotham/specimen_files/specimen_stylesheet.css  (0ms)  (pid 19306)
Compiled fonts/gotham/stylesheet.css  (0ms)  (pid 19306)
Compiled fonts/journal/stylesheet.css  (0ms)  (pid 19306)
Compiled fonts/typograph/specimen_files/grid_12-825-55-15.css  (0ms)  (pid 19306)
Compiled fonts/typograph/specimen_files/specimen_stylesheet.css  (0ms)  (pid 19306)
Compiled fonts/typograph/stylesheet.css  (0ms)  (pid 19306)
Compiled form.css  (63ms)  (pid 19306)
Compiled home.css  (33ms)  (pid 19306)
Compiled layout.css  (1ms)  (pid 19306)
Compiled login.css  (47ms)  (pid 19306)
Compiled media.css  (1ms)  (pid 19306)
Compiled message.css  (80ms)  (pid 19306)
Compiled news.css  (1ms)  (pid 19306)
Compiled pages.css  (1ms)  (pid 19306)
Compiled public.css  (29ms)  (pid 19306)
Compiled sections.css  (1ms)  (pid 19306)
Compiled series.css  (15ms)  (pid 19306)
Compiled tables.css  (6ms)  (pid 19306)
Compiled users.css  (31ms)  (pid 19306)
Compiled application.css  (663ms)  (pid 19306)
Compiled fonts/gotham/specimen_files/easytabs.js  (0ms)  (pid 19306)
Compiled fonts/typograph/specimen_files/easytabs.js  (0ms)  (pid 19306)
Compiled jquery-ui.min.js  (1ms)  (pid 19306)
Compiled jquery.min.js  (1ms)  (pid 19306)
Compiled coffee-script.js  (3ms)  (pid 19306)
Compiled access.js  (147ms)  (pid 19306)
Compiled jquery.js  (2ms)  (pid 19306)
Compiled jquery-ui.js  (3ms)  (pid 19306)
Compiled jquery_ujs.js  (0ms)  (pid 19306)
Compiled jquery_nested_form.js  (0ms)  (pid 19306)
Compiled home.js  (74ms)  (pid 19306)
Compiled media.js  (90ms)  (pid 19306)
Compiled messages.js  (72ms)  (pid 19306)
Compiled pages.js  (104ms)  (pid 19306)
Compiled pagination.js  (101ms)  (pid 19306)
Compiled series.js  (58ms)  (pid 19306)
Compiled application.js  (589ms)  (pid 19306)
Compiled access.css  (92ms)  (pid 19306)
Compiled _grid.css  (232ms)  (pid 19306)
Compiled _values.css  (6ms)  (pid 19306)
Compiled _variables.css  (1ms)  (pid 19306)
Compiled calendar.css  (1ms)  (pid 19306)
Compiled comments.css  (1ms)  (pid 19306)
Compiled fonts/gotham/specimen_files/grid_12-825-55-15.css  (0ms)  (pid 19306)
Compiled fonts/gotham/specimen_files/specimen_stylesheet.css  (0ms)  (pid 19306)
Compiled fonts/gotham/stylesheet.css  (0ms)  (pid 19306)
Compiled fonts/journal/stylesheet.css  (0ms)  (pid 19306)
Compiled fonts/typograph/specimen_files/grid_12-825-55-15.css  (0ms)  (pid 19306)
Compiled fonts/typograph/specimen_files/specimen_stylesheet.css  (0ms)  (pid 19306)
Compiled fonts/typograph/stylesheet.css  (0ms)  (pid 19306)
Compiled form.css  (61ms)  (pid 19306)
Compiled home.css  (23ms)  (pid 19306)
Compiled layout.css  (1ms)  (pid 19306)
Compiled login.css  (34ms)  (pid 19306)
Compiled media.css  (1ms)  (pid 19306)
Compiled message.css  (61ms)  (pid 19306)
Compiled news.css  (0ms)  (pid 19306)
Compiled pages.css  (1ms)  (pid 19306)
Compiled public.css  (43ms)  (pid 19306)
Compiled sections.css  (1ms)  (pid 19306)
Compiled series.css  (14ms)  (pid 19306)
Compiled tables.css  (10ms)  (pid 19306)
Compiled users.css  (48ms)  (pid 19306)
Compiled application.css  (798ms)  (pid 19306)
Compiled fonts/gotham/specimen_files/easytabs.js  (0ms)  (pid 19306)
Compiled fonts/typograph/specimen_files/easytabs.js  (0ms)  (pid 19306)
Compiled jquery-ui.min.js  (1ms)  (pid 19306)
Compiled jquery.min.js  (1ms)  (pid 19306)
Compiled coffee-script.js  (2ms)  (pid 19306)
